<?xml version="1.0" encoding="UTF-8"?>
<beans xmlns="http://www.springframework.org/schema/beans"
       xmlns:xsi="http://www.w3.org/2001/XMLSchema-instance"
       xmlns:context="http://www.springframework.org/schema/context"
       xmlns:mvc="http://www.springframework.org/schema/mvc"
       xsi:schemaLocation="http://www.springframework.org/schema/beans http://www.springframework.org/schema/beans/spring-beans.xsd
            http://www.springframework.org/schema/context http://www.springframework.org/schema/context/spring-context.xsd
            http://www.springframework.org/schema/util http://www.springframework.org/schema/util/spring-util-3.2.xsd http://www.springframework.org/schema/mvc http://www.springframework.org/schema/mvc/spring-mvc.xsd"
       xmlns:util="http://www.springframework.org/schema/util">

    <context:property-placeholder properties-ref="app"/>

    <!--<mvc:annotation-driven />-->
    <!---->
    <!--<context:component-scan base-package="com.apexsoft"></context:component-scan>-->

    <beans profile="dev">
        <util:properties id="app" location="classpath:properties/config/app.dev.properties" />
        <bean class="org.springframework.web.servlet.view.InternalResourceViewResolver">
            <property name="prefix" value="/WEB-INF/jsp/"/>
            <property name="suffix" value=".jsp"/>
            <property name="order" value="1"/>
            <property name="exposedContextBeanNames">
                <list>
                    <value>app</value>
                </list>
            </property>
        </bean>
        <bean id="UserAccountService" class="com.apexsoft.ysprj.user.service.UserAccountServiceImpl"/>
        <bean id="commonDao" class="com.apexsoft.framework.persistence.dao.CommonDAOMyBatisImpl"/>
        <bean id="passwordEncoder" class="org.springframework.security.crypto.bcrypt.BCryptPasswordEncoder"/>
    </beans>

</beans>
