<?xml version="1.0" encoding="UTF-8"?>
<beans:beans xmlns="http://www.springframework.org/schema/security"
             xmlns:beans="http://www.springframework.org/schema/beans"
             xmlns:xsi="http://www.w3.org/2001/XMLSchema-instance"
             xsi:schemaLocation="http://www.springframework.org/schema/beans
        http://www.springframework.org/schema/beans/spring-beans-3.2.xsd
        http://www.springframework.org/schema/security
        http://www.springframework.org/schema/security/spring-security-3.1.xsd">

    <beans:bean id="userDetailsService" class="com.apexsoft.framework.security.UserDetailsServiceImpl"/>
    <beans:bean id="sha256Encoder" class="org.springframework.security.authentication.encoding.ShaPasswordEncoder">
        <beans:constructor-arg value="256"/>
    </beans:bean>
    <beans:bean id="encoder" class="org.springframework.security.crypto.bcrypt.BCryptPasswordEncoder"/>

    <authentication-manager>
        <authentication-provider user-service-ref="userDetailsService">
            <password-encoder ref="encoder"  />
        </authentication-provider>
    </authentication-manager>

    <http auto-config="true" use-expressions="true">
        <intercept-url pattern="/user/login" access="isAnonymous() or isAuthenticated()" />
        <intercept-url pattern="/com/apexsoft/ysprj/applicants/application/service" access="hasRole('ROLE_USER')" />
    </http>

</beans:beans>
