<?xml version="1.0" encoding="UTF-8"?>
<beans xmlns="http://www.springframework.org/schema/beans"
       xmlns:xsi="http://www.w3.org/2001/XMLSchema-instance"
       xmlns:context="http://www.springframework.org/schema/context"
       xsi:schemaLocation="http://www.springframework.org/schema/beans http://www.springframework.org/schema/beans/spring-beans.xsd
            http://www.springframework.org/schema/context http://www.springframework.org/schema/context/spring-context.xsd
            http://www.springframework.org/schema/util http://www.springframework.org/schema/util/spring-util-3.2.xsd"
       xmlns:util="http://www.springframework.org/schema/util">

    <context:property-placeholder properties-ref="app"/>

    <context:component-scan base-package="com.apexsoft"></context:component-scan>

    <beans profile="dev">
        <util:properties id="app" location="classpath:properties/config/app.dev.properties" />
    </beans>

</beans>
